<?xml version="1.0" encoding="UTF-8"?>
<testsuite name="agragar productos al carrito" tests="1" skipped="0" failures="0" errors="0" timestamp="2022-02-21T23:13:40" hostname="DESKTOP-CFERMST" time="36.029">
  <properties/>
  <testcase name="agregar producto al carrito" classname="agragar productos al carrito" time="36.029"/>
  <system-out><![CDATA[
Esquema del escenario: agregar producto al carrito          ?[90m# src/test/resources/features/agregar_producto.feature:15?[0m
  ?[32mDado ?[0m?[32mque requiero ingresar a la pagina demoblaze?[0m          ?[90m# stepdefinitions.RegistroUsuarioStoreStepDefinitions.queRequieroIngresarALaPaginaDemoblaze()?[0m
  ?[32mCuando ?[0m?[32magrego ?[0m?[32m?[1mApple monitor 24?[0m?[32m de la categoria ?[0m?[32m?[1mMonitors?[0m   ?[90m# stepdefinitions.AgregarProductoStepDefinitions.agregoAppleMonitorDeLaCategoriaMonitors(java.lang.String,java.lang.String)?[0m
  ?[32mEntonces ?[0m?[32mpuedo ver el ?[0m?[32m?[1m400?[0m?[32m a pagar en el carrito de compra?[0m ?[90m# stepdefinitions.AgregarProductoStepDefinitions.puedoVerElTotalAPagarEnElCarritoDeCompra(int)?[0m
]]></system-out>
  <system-err><![CDATA[[Test worker] INFO io.cucumber.core.plugin.SerenityReporter - Running feature from file:///C:/Users/RUBEN%20MARTINEZ/Documents/TEST_T_VOLVERS/PRUEBAS%20WEB/DemoBlazeStoreTest/src/test/resources/features/agregar_producto.feature
[Test worker] INFO  - 
  _____   ___   ___   _____     ___   _____     _     ___   _____   ___   ___  
 |_   _| | __| / __| |_   _|   / __| |_   _|   /_\   | _ \ |_   _| | __| |   \ 
   | |   | _|  \__ \   | |     \__ \   | |    / _ \  |   /   | |   | _|  | |) |
   |_|   |___| |___/   |_|     |___/   |_|   /_/ \_\ |_|_\   |_|   |___| |___/ 

agregar producto al carrito(agragar-productos-al-carrito;agregar-producto-al-carrito)
--------------------------------------------------------------------------------
[Test worker] INFO net.serenitybdd.core.webdriver.driverproviders.ChromeDriverProvider - Using automatically driver download
[Test worker] INFO io.github.bonigarcia.wdm.WebDriverManager - Using chromedriver 98.0.4758.102 (resolved driver for Chrome 98)
[Test worker] INFO io.github.bonigarcia.wdm.WebDriverManager - Exporting webdriver.chrome.driver as C:\Users\RUBEN MARTINEZ\.cache\selenium\chromedriver\win32\98.0.4758.102\chromedriver.exe
[Test worker] INFO net.serenitybdd.core.webdriver.driverproviders.ProvideNewDriver - Instantiating driver
[Test worker] INFO net.serenitybdd.core.webdriver.driverproviders.ProvideNewDriver - Driver capabilities: Capabilities {acceptInsecureCerts: false, browserName: chrome, chrome.switches: """--start-maximized;--test..., goog:chromeOptions: {args: [--""", --start-maximized, --test-type, --no-sandbox, --ignore-certificate-errors, --disable-popup-blocking, --disable-default-apps, --disable-extensions-file-a..., --disable-web-security, --incognito, --disable-infobars, --disable-gpu, --homepage=about:blank, --no-first-run"""], extensions: []}, loggingPrefs: org.openqa.selenium.logging...}
Starting ChromeDriver 98.0.4758.80 (7f0488e8ba0d8e019187c6325a16c29d9b7f4989-refs/branch-heads/4758@{#972}) on port 2253
Only local connections are allowed.
Please see https://chromedriver.chromium.org/security-considerations for suggestions on keeping ChromeDriver safe.
ChromeDriver was started successfully.
feb. 21, 2022 6:13:56 P. M. org.openqa.selenium.remote.ProtocolHandshake createSession
INFO: Detected dialect: W3C
[Test worker] INFO  - 
  _____   ___   ___   _____     ___     _     ___   ___   ___   ___  
 |_   _| | __| / __| |_   _|   | _ \   /_\   / __| / __| | __| |   \ 
   | |   | _|  \__ \   | |     |  _/  / _ \  \__ \ \__ \ | _|  | |) |
   |_|   |___| |___/   |_|     |_|   /_/ \_\ |___/ |___/ |___| |___/ 

agregar producto al carrito
----------------------------------------------------------------------
]]></system-err>
</testsuite>
